This is pdfTeX, Version 3.1415926-2.5-1.40.14 (MiKTeX 2.9 64-bit) (preloaded format=pdftex 2014.3.27)  19 JAN 2015 12:10
entering extended mode
**C:/Users/Ludo/Lavoro/Articoli/Neurophotonics_SPIM/github_Caroline/Giovanni-go
es-Giorgio/latex-style-files-spie-manuscript/manuscript1.1Ludo

(C:/Users/Ludo/Lavoro/Articoli/Neurophotonics_SPIM/github_Caroline/Giovanni-goe
s-Giorgio/latex-style-files-spie-manuscript/manuscript1.1Ludo
! Undefined control sequence.
l.18 \documentclass
                   [12pt]{spieman}  %>>> 12pt font mandatory; use this for U...

? 
! Undefined control sequence.
l.26 \usepackage
                []{graphicx}
? 
! Undefined control sequence.
l.27 \usepackage
                {setspace}
? 
! Undefined control sequence.
l.28 \usepackage
                {tocloft}
? 
! Undefined control sequence.
l.29 \usepackage
                {units}
? 
! Undefined control sequence.
l.30 \usepackage
                {nicefrac}
? 
! Undefined control sequence.
l.31 \usepackage
                {color}
? 
! Undefined control sequence.
l.32 \usepackage
                {epstopdf}
? 
! Undefined control sequence.
l.33 \usepackage
                [globalcitecopy,labelstoglobalaux,sectionbib]{bibunits}
? 
! Undefined control sequence.
l.34 \usepackage
                [thinspace,thinqspace,squaren]{SIunits}
? 
! Undefined control sequence.
l.35 \usepackage
                {fancyhdr}
? 
! Undefined control sequence.
l.36 \usepackage
                {url}
? 
! Undefined control sequence.
l.37 \usepackage
                {wasysym}
? 
! Undefined control sequence.
l.40 \usepackage
                {array}
? 
! Undefined control sequence.
l.48 \usepackage
                {amssymb}
? 
! Undefined control sequence.
l.49 \usepackage
                {accents}
? 
! Undefined control sequence.
l.51 \usepackage
                {url}
? 
! Undefined control sequence.
l.52 \usepackage
                {amscd}
? 
! Undefined control sequence.
l.53 \usepackage
                {epsfig}
? 
! Undefined control sequence.
l.54 \usepackage
                {cite}
? 
! Undefined control sequence.
l.55 \usepackage
                {subfig}
? 
! Undefined control sequence.
l.56 \usepackage
                [globalcitecopy,labelstoglobalaux,sectionbib]{bibunits}
? 
! Undefined control sequence.
l.58 \usepackage
                {appendix}
? 
! Undefined control sequence.
l.59 \usepackage
                {slashbox}
? 
! Undefined control sequence.
l.60 \usepackage
                {multirow}
? 
! Undefined control sequence.
l.61 \usepackage
                {pbox}
? 
! Undefined control sequence.
l.63 \usepackage
                {pdflscape}
? 
! Undefined control sequence.
l.64 \usepackage
                {nicefrac}
? 
! Undefined control sequence.
l.65 \usepackage
                {rotating}
? 
! Undefined control sequence.
l.66 \usepackage
                [colorlinks=true,citecolor=blue,urlcolor=blue,linkcolor=blue,
? 

Overfull \hbox (13.496pt too wide) in paragraph at lines 26--73
[]\tenrm []graphicx setspace to-cloft units nice-frac color ep-stopdf [glob-al-
cite-copy,labelstoglobalaux,sectionbib]bibunits|

\hbox(7.5+2.5)x469.75499, glue set - 1.0
.\hbox(0.0+0.0)x20.0
.\tenrm [
.\tenrm ]
.\tenrm g
.\tenrm r
.etc.


Overfull \hbox (264.38573pt too wide) in paragraph at lines 26--73
\tenrm ro-tat-ing [col-or-links=true,citecolor=blue,urlcolor=blue,linkcolor=blu
e, page-back-ref, hy-per-index,bookmarksnumbered=true,bookmarksopen=true,bookma
rksopenlevel=0,|

\hbox(7.5+2.5)x469.75499, glue set - 1.0
.\tenrm r
.\tenrm o
.\discretionary
..\tenrm -
.\tenrm t
.\tenrm a
.etc.

! Undefined control sequence.
l.74 \title
           {Working title: the most amaz-zing SPIM and how we built it.}
? 
! Undefined control sequence.
l.76 \author
            {M. Caroline M\"{u}llenbroich,\supscr{a,b} Ludovico Silvestri, \...

? 
! Undefined control sequence.
l.76 \author{M. Caroline M\"{u}llenbroich,\supscr
                                                 {a,b} Ludovico Silvestri, \...

? 
! Undefined control sequence.
l.76 ...h,\supscr{a,b} Ludovico Silvestri, \supscr
                                                  {a,c} Leonardo Onofri,\sup...

? 
! Undefined control sequence.
l.76 ...stri, \supscr{a,c} Leonardo Onofri,\supscr
                                                  {e} Irene Costantini,\sups...

? 
! Undefined control sequence.
l.76 ...Onofri,\supscr{e} Irene Costantini,\supscr
                                                  {a} Marcel Van t'Hoff\sups...

? 
! Undefined control sequence.
l.76 ...antini,\supscr{a} Marcel Van t'Hoff\supscr
                                                  {f} Leonardo Sacconi,\sups...

? 
! Undefined control sequence.
l.76 ... t'Hoff\supscr{f} Leonardo Sacconi,\supscr
                                                  {a,c} Giulio Iannello,\sup...

? 
! Undefined control sequence.
l.76 ...cconi,\supscr{a,c} Giulio Iannello,\supscr
                                                  {e} Francesco S. Pavone,\s...

? 
! Undefined control sequence.
l.76 ...llo,\supscr{e} Francesco S. Pavone,\supscr
                                                  {a,b,c,d}  }
? 
! Undefined control sequence.
l.78 \affiliation
                 {\supscrsm{a}European Laboratory for Non-linear Spectroscop...

? 
! Undefined control sequence.
l.78 \affiliation{\supscrsm
                           {a}European Laboratory for Non-linear Spectroscop...

? 
! Argument of \\ has an extra }.
<inserted text> 
                \par 
<to be read again> 
                   }
l.83 \supscrsm{f}Distrio, Murmex}
                                 
? 
Runaway argument?
 \supscrsm {b}Department of Physics and Astronomy, University of Flor\ETC.
! Paragraph ended before \\ was complete.
<to be read again> 
                   \par 
<to be read again> 
                   }
l.83 \supscrsm{f}Distrio, Murmex}
                                 
? 
! Undefined control sequence.
l.86 \renewcommand
                  {\cftdotsep}{\cftnodots}
? 
! Undefined control sequence.
l.86 \renewcommand{\cftdotsep
                             }{\cftnodots}
? 
! Undefined control sequence.
l.86 \renewcommand{\cftdotsep}{\cftnodots
                                         }
? 
! Undefined control sequence.
l.87 \cftpagenumbersoff
                       {figure}
? 
! Undefined control sequence.
l.88 \cftpagenumbersoff
                       {table}
? 
! Undefined control sequence.
l.89 \begin
           {document}
? 
! Undefined control sequence.
l.90 \maketitle
               
? 
! Undefined control sequence.
l.93 \begin
           {abstract}
? 
[1{C:/ProgramData/MiKTeX/2.9/pdftex/config/pdftex.map}] )<C:/Program Files/MiKT
eX 2.9/fonts/type1/public/amsfonts/cm/cmr10.pfb>
Output written on manuscript1.pdf (1 page, 23271 bytes).
PDF statistics:
 10 PDF objects out of 1000 (max. 8388607)
 0 named destinations out of 1000 (max. 500000)
 1 words of extra memory for PDF output out of 10000 (max. 10000000)

