\BOOKMARK [1][-]{section.1}{1 Introduction}{}% 1
\BOOKMARK [1][-]{section.2}{2 Optical setup}{}% 2
\BOOKMARK [2][-]{subsection.2.1}{2.1 Laser unit}{section.2}% 3
\BOOKMARK [2][-]{subsection.2.2}{2.2 Illumination unit}{section.2}% 4
\BOOKMARK [2][-]{subsection.2.3}{2.3 Detection unit}{section.2}% 5
\BOOKMARK [2][-]{subsection.2.4}{2.4 Sample mounting and motion}{section.2}% 6
\BOOKMARK [2][-]{subsection.2.5}{2.5 Optical characterisation}{section.2}% 7
\BOOKMARK [3][-]{subsubsection.2.5.1}{2.5.1 Theoretical considerations}{subsection.2.5}% 8
\BOOKMARK [3][-]{subsubsection.2.5.2}{2.5.2 Experimental characterisation}{subsection.2.5}% 9
\BOOKMARK [1][-]{section.3}{3 Microscope management software}{}% 10
\BOOKMARK [2][-]{subsection.3.1}{3.1 General design}{section.3}% 11
\BOOKMARK [2][-]{subsection.3.2}{3.2 System timing}{section.3}% 12
\BOOKMARK [2][-]{subsection.3.3}{3.3 Software organisation}{section.3}% 13
\BOOKMARK [1][-]{section.4}{4 Data Management}{}% 14
\BOOKMARK [1][-]{section.5}{5 Data}{}% 15
\BOOKMARK [1][-]{section.6}{6 Conclusion}{}% 16
\BOOKMARK [1][-]{section.7}{7 Supplementary information}{}% 17
\BOOKMARK [2][-]{subsection.7.1}{7.1 Alignment}{section.7}% 18
\BOOKMARK [2][-]{subsection.7.2}{7.2 Methods}{section.7}% 19
\BOOKMARK [3][-]{subsubsection.7.2.1}{7.2.1 Sample preparation for optical characterisation}{subsection.7.2}% 20
\BOOKMARK [3][-]{subsubsection.7.2.2}{7.2.2 Sample preparation for whole brain imaging}{subsection.7.2}% 21
\BOOKMARK [3][-]{subsubsection.7.2.3}{7.2.3 Murmex}{subsection.7.2}% 22
\BOOKMARK [2][-]{subsection.7.3}{7.3 Formulas}{section.7}% 23
