This is pdfTeX, Version 3.1415926-2.5-1.40.14 (MiKTeX 2.9 64-bit) (preloaded format=pdflatex 2013.7.2)  29 APR 2015 15:17
entering extended mode
**manuscript_submission.tex

("C:\Users\Caroline\Documents\GitHub\Giovanni-goes-Giorgio\Neurophotonics\Submi
tted files\manuscript_submission.tex"
LaTeX2e <2011/06/27>
Babel <v3.8m> and hyphenation patterns for english, afrikaans, ancientgreek, ar
abic, armenian, assamese, basque, bengali, bokmal, bulgarian, catalan, coptic, 
croatian, czech, danish, dutch, esperanto, estonian, farsi, finnish, french, ga
lician, german, german-x-2013-05-26, greek, gujarati, hindi, hungarian, iceland
ic, indonesian, interlingua, irish, italian, kannada, kurmanji, latin, latvian,
 lithuanian, malayalam, marathi, mongolian, mongolianlmc, monogreek, ngerman, n
german-x-2013-05-26, nynorsk, oriya, panjabi, pinyin, polish, portuguese, roman
ian, russian, sanskrit, serbian, slovak, slovenian, spanish, swedish, swissgerm
an, tamil, telugu, turkish, turkmen, ukenglish, ukrainian, uppersorbian, usengl
ishmax, welsh, loaded.

("C:\Users\Caroline\Documents\GitHub\Giovanni-goes-Giorgio\Neurophotonics\Submi
tted files\spieman.cls"
Document Class: spieman 2006/09/27 v1.00 SPIE manuscript class
("C:\Program Files\MiKTeX 2.9\tex\latex\base\article.cls"
Document Class: article 2007/10/19 v1.4h Standard LaTeX document class
("C:\Program Files\MiKTeX 2.9\tex\latex\base\size12.clo"
File: size12.clo 2007/10/19 v1.4h Standard LaTeX file (size option)
)
\c@part=\count79
\c@section=\count80
\c@subsection=\count81
\c@subsubsection=\count82
\c@paragraph=\count83
\c@subparagraph=\count84
\c@figure=\count85
\c@table=\count86
\abovecaptionskip=\skip41
\belowcaptionskip=\skip42
\bibindent=\dimen102
)
twelve-point font
("C:\Program Files\MiKTeX 2.9\tex\latex\psnfss\times.sty"
Package: times 2005/04/12 PSNFSS-v9.2a (SPQR) 
)
("C:\Program Files\MiKTeX 2.9\tex\latex\float\float.sty"
Package: float 2001/11/08 v1.3d Float enhancements (AL)
\c@float@type=\count87
\float@exts=\toks14
\float@box=\box26
\@float@everytoks=\toks15
\@floatcapt=\box27
)
("C:\Program Files\MiKTeX 2.9\tex\latex\base\ifthen.sty"
Package: ifthen 2001/05/26 v1.1c Standard LaTeX ifthen package (DPC)
)
("C:\Program Files\MiKTeX 2.9\tex\latex\setspace\setspace.sty"
Package: setspace 2011/12/19 v6.7a set line spacing
)
("C:\Program Files\MiKTeX 2.9\tex\latex\cite\cite.sty"
LaTeX Info: Redefining \cite on input line 302.
LaTeX Info: Redefining \nocite on input line 373.
Package: cite 2010/09/10  v 5.3
LaTeX Info: Redefining \cite on input line 464.
)
("C:\Program Files\MiKTeX 2.9\tex\latex\graphics\color.sty"
Package: color 2005/11/14 v1.0j Standard LaTeX Color (DPC)

("C:\Program Files\MiKTeX 2.9\tex\latex\00miktex\color.cfg"
File: color.cfg 2007/01/18 v1.5 color configuration of teTeX/TeXLive
)
Package color Info: Driver file: pdftex.def on input line 130.

("C:\Program Files\MiKTeX 2.9\tex\latex\pdftex-def\pdftex.def"
File: pdftex.def 2011/05/27 v0.06d Graphics/color for pdfTeX

("C:\Program Files\MiKTeX 2.9\tex\generic\oberdiek\infwarerr.sty"
Package: infwarerr 2010/04/08 v1.3 Providing info/warning/error messages (HO)
)
("C:\Program Files\MiKTeX 2.9\tex\generic\oberdiek\ltxcmds.sty"
Package: ltxcmds 2011/11/09 v1.22 LaTeX kernel commands for general use (HO)
)
\Gread@gobject=\count88
))
\c@theorem=\count89
)
("C:\Program Files\MiKTeX 2.9\tex\latex\graphics\graphicx.sty"
Package: graphicx 1999/02/16 v1.0f Enhanced LaTeX Graphics (DPC,SPQR)

("C:\Program Files\MiKTeX 2.9\tex\latex\graphics\keyval.sty"
Package: keyval 1999/03/16 v1.13 key=value parser (DPC)
\KV@toks@=\toks16
)
("C:\Program Files\MiKTeX 2.9\tex\latex\graphics\graphics.sty"
Package: graphics 2009/02/05 v1.0o Standard LaTeX Graphics (DPC,SPQR)

("C:\Program Files\MiKTeX 2.9\tex\latex\graphics\trig.sty"
Package: trig 1999/03/16 v1.09 sin cos tan (DPC)
)
("C:\Program Files\MiKTeX 2.9\tex\latex\00miktex\graphics.cfg"
File: graphics.cfg 2007/01/18 v1.5 graphics configuration of teTeX/TeXLive
)
Package graphics Info: Driver file: pdftex.def on input line 91.
)
\Gin@req@height=\dimen103
\Gin@req@width=\dimen104
)
("C:\Program Files\MiKTeX 2.9\tex\latex\tocloft\tocloft.sty"
Package: tocloft 2013/05/02 v2.3f parameterised ToC, etc., typesetting
Package tocloft Info: The document has section divisions on input line 44.
\cftparskip=\skip43
\cftbeforetoctitleskip=\skip44
\cftaftertoctitleskip=\skip45
\cftbeforepartskip=\skip46
\cftpartnumwidth=\skip47
\cftpartindent=\skip48
\cftbeforesecskip=\skip49
\cftsecindent=\skip50
\cftsecnumwidth=\skip51
\cftbeforesubsecskip=\skip52
\cftsubsecindent=\skip53
\cftsubsecnumwidth=\skip54
\cftbeforesubsubsecskip=\skip55
\cftsubsubsecindent=\skip56
\cftsubsubsecnumwidth=\skip57
\cftbeforeparaskip=\skip58
\cftparaindent=\skip59
\cftparanumwidth=\skip60
\cftbeforesubparaskip=\skip61
\cftsubparaindent=\skip62
\cftsubparanumwidth=\skip63
\cftbeforeloftitleskip=\skip64
\cftafterloftitleskip=\skip65
\cftbeforefigskip=\skip66
\cftfigindent=\skip67
\cftfignumwidth=\skip68
\c@lofdepth=\count90
\c@lotdepth=\count91
\cftbeforelottitleskip=\skip69
\cftafterlottitleskip=\skip70
\cftbeforetabskip=\skip71
\cfttabindent=\skip72
\cfttabnumwidth=\skip73
)
("C:\Program Files\MiKTeX 2.9\tex\latex\units\units.sty"
Package: units 1998/08/04 v0.9b Typesetting units

("C:\Program Files\MiKTeX 2.9\tex\latex\units\nicefrac.sty"
Package: nicefrac 1998/08/04 v0.9b Nice fractions
\L@UnitsRaiseDisplaystyle=\skip74
\L@UnitsRaiseTextstyle=\skip75
\L@UnitsRaiseScriptstyle=\skip76
))
("C:\Program Files\MiKTeX 2.9\tex\latex\oberdiek\epstopdf.sty"
Package: epstopdf 2010/02/09 v2.5 Conversion with epstopdf on the fly (HO)

("C:\Program Files\MiKTeX 2.9\tex\latex\oberdiek\epstopdf-base.sty"
Package: epstopdf-base 2010/02/09 v2.5 Base part for package epstopdf

("C:\Program Files\MiKTeX 2.9\tex\latex\oberdiek\grfext.sty"
Package: grfext 2010/08/19 v1.1 Manage graphics extensions (HO)

("C:\Program Files\MiKTeX 2.9\tex\generic\oberdiek\kvdefinekeys.sty"
Package: kvdefinekeys 2011/04/07 v1.3 Define keys (HO)
))
("C:\Program Files\MiKTeX 2.9\tex\latex\oberdiek\kvoptions.sty"
Package: kvoptions 2011/06/30 v3.11 Key value format for package options (HO)

("C:\Program Files\MiKTeX 2.9\tex\generic\oberdiek\kvsetkeys.sty"
Package: kvsetkeys 2012/04/25 v1.16 Key value parser (HO)

("C:\Program Files\MiKTeX 2.9\tex\generic\oberdiek\etexcmds.sty"
Package: etexcmds 2011/02/16 v1.5 Avoid name clashes with e-TeX commands (HO)

("C:\Program Files\MiKTeX 2.9\tex\generic\oberdiek\ifluatex.sty"
Package: ifluatex 2010/03/01 v1.3 Provides the ifluatex switch (HO)
Package ifluatex Info: LuaTeX not detected.
)
Package etexcmds Info: Could not find \expanded.
(etexcmds)             That can mean that you are not using pdfTeX 1.50 or
(etexcmds)             that some package has redefined \expanded.
(etexcmds)             In the latter case, load this package earlier.
)))
("C:\Program Files\MiKTeX 2.9\tex\generic\oberdiek\pdftexcmds.sty"
Package: pdftexcmds 2011/11/29 v0.20 Utility functions of pdfTeX for LuaTeX (HO
)

("C:\Program Files\MiKTeX 2.9\tex\generic\oberdiek\ifpdf.sty"
Package: ifpdf 2011/01/30 v2.3 Provides the ifpdf switch (HO)
Package ifpdf Info: pdfTeX in PDF mode is detected.
)
Package pdftexcmds Info: LuaTeX not detected.
Package pdftexcmds Info: \pdf@primitive is available.
Package pdftexcmds Info: \pdf@ifprimitive is available.
Package pdftexcmds Info: \pdfdraftmode found.
)
Package grfext Info: Graphics extension search list:
(grfext)             [.png,.pdf,.jpg,.mps,.jpeg,.jbig2,.jb2,.PNG,.PDF,.JPG,.JPE
G,.JBIG2,.JB2,.eps]
(grfext)             \AppendGraphicsExtensions on input line 452.
))
("C:\Program Files\MiKTeX 2.9\tex\latex\bibunits\bibunits.sty"
Package: bibunits 2004/05/12 v2.4 Multiple bibliographies in one document.
\@bibunitaux=\write3
\@bibunitauxcnt=\count92
)
("C:\Program Files\MiKTeX 2.9\tex\latex\siunits\SIunits.sty"
Package: SIunits 2007/12/02 v1.36 Support for the International System of units
 (MH)


\@qskwidth=\skip77
\symgreek=\mathgroup4
LaTeX Info: Redefining \unit on input line 113.
("C:\Program Files\MiKTeX 2.9\tex\latex\amsmath\amstext.sty"
Package: amstext 2000/06/29 v2.01

("C:\Program Files\MiKTeX 2.9\tex\latex\amsmath\amsgen.sty"
File: amsgen.sty 1999/11/30 v2.0
\@emptytoks=\toks17
\ex@=\dimen105
))
("C:\Program Files\MiKTeX 2.9\tex\latex\siunits\SIunits.cfg")
LaTeX Info: Redefining \usk on input line 576.

Option `thinspace' provided!
LaTeX Info: Redefining \@qsk on input line 576.
Option `thinqspace' provided!
Option `squaren' provided!
) ("C:\Program Files\MiKTeX 2.9\tex\latex\fancyhdr\fancyhdr.sty"
\fancy@headwidth=\skip78
\f@ncyO@elh=\skip79
\f@ncyO@erh=\skip80
\f@ncyO@olh=\skip81
\f@ncyO@orh=\skip82
\f@ncyO@elf=\skip83
\f@ncyO@erf=\skip84
\f@ncyO@olf=\skip85
\f@ncyO@orf=\skip86
)
("C:\Program Files\MiKTeX 2.9\tex\latex\url\url.sty"
\Urlmuskip=\muskip10
Package: url 2006/04/12  ver 3.3  Verb mode for urls, etc.
)
("C:\Program Files\MiKTeX 2.9\tex\latex\wasysym\wasysym.sty"
Package: wasysym 2003/10/30 v2.0 Wasy-2 symbol support package
\symwasy=\mathgroup5
LaTeX Font Info:    Overwriting symbol font `wasy' in version `bold'
(Font)                  U/wasy/m/n --> U/wasy/b/n on input line 90.
)
("C:\Program Files\MiKTeX 2.9\tex\latex\tools\array.sty"
Package: array 2008/09/09 v2.4c Tabular extension package (FMi)
\col@sep=\dimen106
\extrarowheight=\dimen107
\NC@list=\toks18
\extratabsurround=\skip87
\backup@length=\skip88
)
("C:\Program Files\MiKTeX 2.9\tex\latex\amsfonts\amssymb.sty"
Package: amssymb 2013/01/14 v3.01 AMS font symbols

("C:\Program Files\MiKTeX 2.9\tex\latex\amsfonts\amsfonts.sty"
Package: amsfonts 2013/01/14 v3.01 Basic AMSFonts support
\symAMSa=\mathgroup6
\symAMSb=\mathgroup7
LaTeX Font Info:    Overwriting math alphabet `\mathfrak' in version `bold'
(Font)                  U/euf/m/n --> U/euf/b/n on input line 106.
))
("C:\Program Files\MiKTeX 2.9\tex\latex\bezos\accents.sty"
Package: accents 2006/05/12 v1.3 Math Accent Tools
\cc@skew=\dimen108
\cc@wd=\dimen109
\cc@code=\count93
\cc@group=\count94
\cc@skewchar=\count95
)
("C:\Program Files\MiKTeX 2.9\tex\latex\amsmath\amscd.sty"
Package: amscd 1999/11/29 v2.0
\athelp@=\toks19
\minaw@=\dimen110
\bigaw@=\dimen111
\minCDarrowwidth=\dimen112
)
("C:\Program Files\MiKTeX 2.9\tex\latex\graphics\epsfig.sty"
Package: epsfig 1999/02/16 v1.7a (e)psfig emulation (SPQR)
\epsfxsize=\dimen113
\epsfysize=\dimen114
)
("C:\Program Files\MiKTeX 2.9\tex\latex\subfig\subfig.sty"
Package: subfig 2005/06/28 ver: 1.3 subfig package

("C:\Program Files\MiKTeX 2.9\tex\latex\caption\caption.sty"
Package: caption 2013/05/02 v3.3-89 Customizing captions (AR)

("C:\Program Files\MiKTeX 2.9\tex\latex\caption\caption3.sty"
Package: caption3 2013/05/02 v1.6-88 caption3 kernel (AR)
Package caption3 Info: TeX engine: e-TeX on input line 57.
\captionmargin=\dimen115
\captionmargin@=\dimen116
\captionwidth=\dimen117
\caption@tempdima=\dimen118
\caption@indent=\dimen119
\caption@parindent=\dimen120
\caption@hangindent=\dimen121
Package caption Info: Unknown document class (or package),
(caption)             standard defaults will be used.
)

Package caption Warning: Unsupported document class (or package) detected,
(caption)                usage of the caption package is not recommended.
See the caption package documentation for explanation.

Package caption Info: \@makecaption = \long macro:#1#2->\vskip \abovecaptionski
p \sbox \@tempboxa {{{\footnotesize \bf #1} {\footnotesize #2}}}\ifdim \wd \@te
mpboxa >\hsize {{\footnotesize \bf #1} {\footnotesize #2} \par } \else \global 
\@minipagefalse \hb@xt@ \hsize {\hfil \box \@tempboxa \hfil }\fi \vskip \belowc
aptionskip .
\c@ContinuedFloat=\count96
Package caption Info: float package is loaded.
)
\c@KVtest=\count97
\sf@farskip=\skip89
\sf@captopadj=\dimen122
\sf@capskip=\skip90
\sf@nearskip=\skip91
\c@subfigure=\count98
\c@subfigure@save=\count99
\c@subtable=\count100
\c@subtable@save=\count101
\sf@top=\skip92
\sf@bottom=\skip93
) ("C:\Program Files\MiKTeX 2.9\tex\latex\appendix\appendix.sty"
Package: appendix 2009/09/02 v1.2b extra appendix facilities
\c@@pps=\count102
\c@@ppsavesec=\count103
\c@@ppsaveapp=\count104
)
("C:\Program Files\MiKTeX 2.9\tex\latex\slashbox\slashbox.sty"
slashbox style by K.Yasuoka, May 1993.
\@slashboxa=\box28
\@slashboxb=\box29
\@slashboxc=\box30
\@slashboxwd=\count105
\@slashboxht=\count106
\@slashsepl=\dimen123
\@slashsepr=\dimen124
) ("C:\Program Files\MiKTeX 2.9\tex\latex\multirow\multirow.sty"
\bigstrutjot=\dimen125
)
("C:\Program Files\MiKTeX 2.9\tex\latex\pbox\pbox.sty"
Package: pbox 2011/12/07 v1.2 Dynamic parboxes

("C:\Program Files\MiKTeX 2.9\tex\latex\tools\calc.sty"
Package: calc 2007/08/22 v4.3 Infix arithmetic (KKT,FJ)
\calc@Acount=\count107
\calc@Bcount=\count108
\calc@Adimen=\dimen126
\calc@Bdimen=\dimen127
\calc@Askip=\skip94
\calc@Bskip=\skip95
LaTeX Info: Redefining \setlength on input line 76.
LaTeX Info: Redefining \addtolength on input line 77.
\calc@Ccount=\count109
\calc@Cskip=\skip96
)
\pb@xlen=\skip97
)
("C:\Program Files\MiKTeX 2.9\tex\latex\oberdiek\pdflscape.sty"
Package: pdflscape 2008/08/11 v0.10 Display of landscape pages in PDF (HO)

("C:\Program Files\MiKTeX 2.9\tex\latex\graphics\lscape.sty"
Package: lscape 2000/10/22 v3.01 Landscape Pages (DPC)
)
Package pdflscape Info: Auto-detected driver: pdftex on input line 80.

("C:\Program Files\MiKTeX 2.9\tex\generic\ifxetex\ifxetex.sty"
Package: ifxetex 2010/09/12 v0.6 Provides ifxetex conditional
))
("C:\Program Files\MiKTeX 2.9\tex\latex\rotating\rotating.sty"
Package: rotating 2009/03/28 v2.16a rotated objects in LaTeX
\c@r@tfl@t=\count110
\rotFPtop=\skip98
\rotFPbot=\skip99
\rot@float@box=\box31
\rot@mess@toks=\toks20
)
("C:\Program Files\MiKTeX 2.9\tex\latex\hyperref\hyperref.sty"
Package: hyperref 2012/11/06 v6.83m Hypertext links for LaTeX

("C:\Program Files\MiKTeX 2.9\tex\generic\oberdiek\hobsub-hyperref.sty"
Package: hobsub-hyperref 2012/04/25 v1.12 Bundle oberdiek, subset hyperref (HO)


("C:\Program Files\MiKTeX 2.9\tex\generic\oberdiek\hobsub-generic.sty"
Package: hobsub-generic 2012/04/25 v1.12 Bundle oberdiek, subset generic (HO)
Package: hobsub 2012/04/25 v1.12 Construct package bundles (HO)
Package hobsub Info: Skipping package `infwarerr' (already loaded).
Package hobsub Info: Skipping package `ltxcmds' (already loaded).
Package hobsub Info: Skipping package `ifluatex' (already loaded).
Package: ifvtex 2010/03/01 v1.5 Detect VTeX and its facilities (HO)
Package ifvtex Info: VTeX not detected.
Package: intcalc 2007/09/27 v1.1 Expandable calculations with integers (HO)
Package hobsub Info: Skipping package `ifpdf' (already loaded).
Package hobsub Info: Skipping package `etexcmds' (already loaded).
Package hobsub Info: Skipping package `kvsetkeys' (already loaded).
Package hobsub Info: Skipping package `kvdefinekeys' (already loaded).
Package hobsub Info: Skipping package `pdftexcmds' (already loaded).
Package: pdfescape 2011/11/25 v1.13 Implements pdfTeX's escape features (HO)
Package: bigintcalc 2012/04/08 v1.3 Expandable calculations on big integers (HO
)
Package: bitset 2011/01/30 v1.1 Handle bit-vector datatype (HO)
Package: uniquecounter 2011/01/30 v1.2 Provide unlimited unique counter (HO)
)
Package hobsub Info: Skipping package `hobsub' (already loaded).
Package: letltxmacro 2010/09/02 v1.4 Let assignment for LaTeX macros (HO)
Package: hopatch 2011/06/24 v1.1 Wrapper for package hooks (HO)
Package: xcolor-patch 2011/01/30 xcolor patch
Package: atveryend 2011/06/30 v1.8 Hooks at the very end of document (HO)
Package atveryend Info: \enddocument detected (standard20110627).
Package: atbegshi 2011/10/05 v1.16 At begin shipout hook (HO)
Package: refcount 2011/10/16 v3.4 Data extraction from label references (HO)
Package: hycolor 2011/01/30 v1.7 Color options for hyperref/bookmark (HO)
)
("C:\Program Files\MiKTeX 2.9\tex\latex\oberdiek\auxhook.sty"
Package: auxhook 2011/03/04 v1.3 Hooks for auxiliary files (HO)
)
\@linkdim=\dimen128
\Hy@linkcounter=\count111
\Hy@pagecounter=\count112

("C:\Program Files\MiKTeX 2.9\tex\latex\hyperref\pd1enc.def"
File: pd1enc.def 2012/11/06 v6.83m Hyperref: PDFDocEncoding definition (HO)
)
\Hy@SavedSpaceFactor=\count113

("C:\Program Files\MiKTeX 2.9\tex\latex\00miktex\hyperref.cfg"
File: hyperref.cfg 2002/06/06 v1.2 hyperref configuration of TeXLive
)
Package hyperref Info: Option `colorlinks' set `true' on input line 4319.
Package hyperref Info: Option `hyperindex' set `true' on input line 4319.
Package hyperref Info: Option `bookmarksnumbered' set `true' on input line 4319
.
Package hyperref Info: Option `bookmarksopen' set `true' on input line 4319.
Package hyperref Info: Hyper figures OFF on input line 4443.
Package hyperref Info: Link nesting OFF on input line 4448.
Package hyperref Info: Hyper index ON on input line 4451.
Package hyperref Info: Plain pages OFF on input line 4458.
Package hyperref Info: Backreferencing ON on input line 4461.
Package hyperref Info: Implicit mode ON; LaTeX internals redefined.
Package hyperref Info: Bookmarks ON on input line 4688.

("C:\Program Files\MiKTeX 2.9\tex\latex\hyperref\backref.sty"
Package: backref 2012/07/25 v1.38 Bibliographical back referencing

("C:\Program Files\MiKTeX 2.9\tex\latex\oberdiek\rerunfilecheck.sty"
Package: rerunfilecheck 2011/04/15 v1.7 Rerun checks for auxiliary files (HO)
Package uniquecounter Info: New unique counter `rerunfilecheck' on input line 2
82.
))
\c@Hy@tempcnt=\count114
LaTeX Info: Redefining \url on input line 5041.
\XeTeXLinkMargin=\dimen129
\Fld@menulength=\count115
\Field@Width=\dimen130
\Fld@charsize=\dimen131
Package hyperref Info: Hyper figures OFF on input line 6295.
Package hyperref Info: Link nesting OFF on input line 6300.
Package hyperref Info: Hyper index ON on input line 6303.
Package hyperref Info: backreferencing ON on input line 6308.
Package hyperref Info: Link coloring ON on input line 6313.
Package hyperref Info: Link coloring with OCG OFF on input line 6320.
Package hyperref Info: PDF/A mode OFF on input line 6325.
LaTeX Info: Redefining \ref on input line 6365.
LaTeX Info: Redefining \pageref on input line 6369.
\Hy@abspage=\count116
\c@Item=\count117
\c@Hfootnote=\count118
)

Package hyperref Message: Driver (autodetected): hpdftex.

("C:\Program Files\MiKTeX 2.9\tex\latex\hyperref\hpdftex.def"
File: hpdftex.def 2012/11/06 v6.83m Hyperref driver for pdfTeX
\Fld@listcount=\count119
\c@bookmark@seq@number=\count120
\Hy@SectionHShift=\skip100
)

LaTeX Warning: Unused global option(s):
    [12pt].


("C:\Users\Caroline\Documents\GitHub\Giovanni-goes-Giorgio\Neurophotonics\Submi
tted files\manuscript_submission.aux")
LaTeX Font Info:    Checking defaults for OML/cmm/m/it on input line 75.
LaTeX Font Info:    ... okay on input line 75.
LaTeX Font Info:    Checking defaults for T1/cmr/m/n on input line 75.
LaTeX Font Info:    ... okay on input line 75.
LaTeX Font Info:    Checking defaults for OT1/cmr/m/n on input line 75.
LaTeX Font Info:    ... okay on input line 75.
LaTeX Font Info:    Checking defaults for OMS/cmsy/m/n on input line 75.
LaTeX Font Info:    ... okay on input line 75.
LaTeX Font Info:    Checking defaults for OMX/cmex/m/n on input line 75.
LaTeX Font Info:    ... okay on input line 75.
LaTeX Font Info:    Checking defaults for U/cmr/m/n on input line 75.
LaTeX Font Info:    ... okay on input line 75.
LaTeX Font Info:    Checking defaults for TS1/cmr/m/n on input line 75.
LaTeX Font Info:    Try loading font information for TS1+cmr on input line 75.

("C:\Program Files\MiKTeX 2.9\tex\latex\base\ts1cmr.fd"
File: ts1cmr.fd 1999/05/25 v2.5h Standard LaTeX font definitions
)
LaTeX Font Info:    ... okay on input line 75.
LaTeX Font Info:    Checking defaults for PD1/pdf/m/n on input line 75.
LaTeX Font Info:    ... okay on input line 75.
LaTeX Font Info:    Try loading font information for OT1+ptm on input line 75.

("C:\Program Files\MiKTeX 2.9\tex\latex\psnfss\ot1ptm.fd"
File: ot1ptm.fd 2001/06/04 font definitions for OT1/ptm.
)
("C:\Program Files\MiKTeX 2.9\tex\context\base\supp-pdf.mkii"
[Loading MPS to PDF converter (version 2006.09.02).]
\scratchcounter=\count121
\scratchdimen=\dimen132
\scratchbox=\box32
\nofMPsegments=\count122
\nofMParguments=\count123
\everyMPshowfont=\toks21
\MPscratchCnt=\count124
\MPscratchDim=\dimen133
\MPnumerator=\count125
\makeMPintoPDFobject=\count126
\everyMPtoPDFconversion=\toks22
)
Option `squaren' provided! 
 Command \squaren defined by SIunits package!

Package caption Info: Begin \AtBeginDocument code.
Package caption Info: subfig package v1.3 is loaded.
Package caption Info: hyperref package is loaded.
Package caption Info: rotating package is loaded.
Package caption Info: End \AtBeginDocument code.
\AtBeginShipoutBox=\box33
Package hyperref Info: Link coloring ON on input line 75.
("C:\Program Files\MiKTeX 2.9\tex\latex\hyperref\nameref.sty"
Package: nameref 2012/10/27 v2.43 Cross-referencing by name of section

("C:\Program Files\MiKTeX 2.9\tex\generic\oberdiek\gettitlestring.sty"
Package: gettitlestring 2010/12/03 v1.4 Cleanup title references (HO)
)
\c@section@level=\count127
)
LaTeX Info: Redefining \ref on input line 75.
LaTeX Info: Redefining \pageref on input line 75.
LaTeX Info: Redefining \nameref on input line 75.

("C:\Users\Caroline\Documents\GitHub\Giovanni-goes-Giorgio\Neurophotonics\Submi
tted files\manuscript_submission.out")
("C:\Users\Caroline\Documents\GitHub\Giovanni-goes-Giorgio\Neurophotonics\Submi
tted files\manuscript_submission.out")
\@outlinefile=\write4

ptm-font_in_spiemancls
12pt
LaTeX Font Info:    Font shape `OT1/ptm/bx/n' in size <16> not available
(Font)              Font shape `OT1/ptm/b/n' tried instead on input line 77.
LaTeX Font Info:    Font shape `OT1/ptm/bx/n' in size <12> not available
(Font)              Font shape `OT1/ptm/b/n' tried instead on input line 77.
LaTeX Font Info:    Font shape `OT1/ptm/bx/n' in size <10.95> not available
(Font)              Font shape `OT1/ptm/b/n' tried instead on input line 77.
LaTeX Font Info:    Font shape `OT1/ptm/bx/n' in size <10> not available
(Font)              Font shape `OT1/ptm/b/n' tried instead on input line 79.
LaTeX Font Info:    Try loading font information for U+wasy on input line 87.
("C:\Program Files\MiKTeX 2.9\tex\latex\wasysym\uwasy.fd"
File: uwasy.fd 2003/10/30 v2.0 Wasy-2 symbol font definitions
)
LaTeX Font Info:    Try loading font information for U+msa on input line 87.

("C:\Program Files\MiKTeX 2.9\tex\latex\amsfonts\umsa.fd"
File: umsa.fd 2013/01/14 v3.01 AMS symbols A
)
LaTeX Font Info:    Try loading font information for U+msb on input line 87.

("C:\Program Files\MiKTeX 2.9\tex\latex\amsfonts\umsb.fd"
File: umsb.fd 2013/01/14 v3.01 AMS symbols B
) [1

{C:/ProgramData/MiKTeX/2.9/pdftex/config/pdftex.map}]
Package epstopdf Info: Source file: <panel1.eps>
(epstopdf)                    date: 2015-03-25 13:43:06
(epstopdf)                    size: 2453655 bytes
(epstopdf)             Output file: <panel1-eps-converted-to.pdf>
(epstopdf)                    date: 2015-03-27 11:08:50
(epstopdf)                    size: 445260 bytes
(epstopdf)             Command: <epstopdf --outfile=panel1-eps-converted-to.pdf
 panel1.eps>
(epstopdf)             \includegraphics on input line 107.
Package epstopdf Info: Output file is already uptodate.

<panel1-eps-converted-to.pdf, id=109, 1126.2075pt x 931.48pt>
File: panel1-eps-converted-to.pdf Graphic file (type pdf)

<use panel1-eps-converted-to.pdf>
Package pdftex.def Info: panel1-eps-converted-to.pdf used on input line 107.
(pdftex.def)             Requested size: 469.75499pt x 388.53264pt.

Overfull \hbox (12.0pt too wide) in paragraph at lines 106--109
 [] 
 []


Overfull \hbox (17.2482pt too wide) in paragraph at lines 114--115
\OT1/ptm/m/n/12 The custom-made con-fo-cal light-sheet mi-cro-scope is equipped
 with five lin-early po-larised, continuous-
 []

[2] [3 <C:/Users/Caroline/Documents/GitHub/Giovanni-goes-Giorgio/Neurophotonics
/Submitted files/panel1-eps-converted-to.pdf>]
Package epstopdf Info: Source file: <panel2.eps>
(epstopdf)                    date: 2015-03-25 13:43:06
(epstopdf)                    size: 10252309 bytes
(epstopdf)             Output file: <panel2-eps-converted-to.pdf>
(epstopdf)                    date: 2015-03-27 11:08:58
(epstopdf)                    size: 370449 bytes
(epstopdf)             Command: <epstopdf --outfile=panel2-eps-converted-to.pdf
 panel2.eps>
(epstopdf)             \includegraphics on input line 135.
Package epstopdf Info: Output file is already uptodate.

<panel2-eps-converted-to.pdf, id=143, 2114.90125pt x 566.115pt>
File: panel2-eps-converted-to.pdf Graphic file (type pdf)

<use panel2-eps-converted-to.pdf>
Package pdftex.def Info: panel2-eps-converted-to.pdf used on input line 135.
(pdftex.def)             Requested size: 469.75499pt x 125.73775pt.

Overfull \hbox (12.0pt too wide) in paragraph at lines 134--137
 [] 
 []

[4] [5 <C:/Users/Caroline/Documents/GitHub/Giovanni-goes-Giorgio/Neurophotonics
/Submitted files/panel2-eps-converted-to.pdf>] [6]
Package epstopdf Info: Source file: <panel3.eps>
(epstopdf)                    date: 2015-03-25 13:42:40
(epstopdf)                    size: 1562223 bytes
(epstopdf)             Output file: <panel3-eps-converted-to.pdf>
(epstopdf)                    date: 2015-03-27 11:24:55
(epstopdf)                    size: 190349 bytes
(epstopdf)             Command: <epstopdf --outfile=panel3-eps-converted-to.pdf
 panel3.eps>
(epstopdf)             \includegraphics on input line 179.
Package epstopdf Info: Output file is already uptodate.

<panel3-eps-converted-to.pdf, id=186, 1934.22626pt x 543.02875pt>
File: panel3-eps-converted-to.pdf Graphic file (type pdf)

<use panel3-eps-converted-to.pdf>
Package pdftex.def Info: panel3-eps-converted-to.pdf used on input line 179.
(pdftex.def)             Requested size: 469.75499pt x 131.87903pt.

Overfull \hbox (12.0pt too wide) in paragraph at lines 178--181
 [] 
 []

[7 <C:/Users/Caroline/Documents/GitHub/Giovanni-goes-Giorgio/Neurophotonics/Sub
mitted files/panel3-eps-converted-to.pdf>]
Package epstopdf Info: Source file: <panel4.eps>
(epstopdf)                    date: 2015-03-25 13:42:40
(epstopdf)                    size: 3188653 bytes
(epstopdf)             Output file: <panel4-eps-converted-to.pdf>
(epstopdf)                    date: 2015-03-27 11:25:00
(epstopdf)                    size: 264175 bytes
(epstopdf)             Command: <epstopdf --outfile=panel4-eps-converted-to.pdf
 panel4.eps>
(epstopdf)             \includegraphics on input line 208.
Package epstopdf Info: Output file is already uptodate.

<panel4-eps-converted-to.pdf, id=210, 1291.82625pt x 727.71875pt>
File: panel4-eps-converted-to.pdf Graphic file (type pdf)

<use panel4-eps-converted-to.pdf>
Package pdftex.def Info: panel4-eps-converted-to.pdf used on input line 208.
(pdftex.def)             Requested size: 469.75499pt x 264.6213pt.

Overfull \hbox (12.0pt too wide) in paragraph at lines 207--210
 [] 
 []

[8] [9 <C:/Users/Caroline/Documents/GitHub/Giovanni-goes-Giorgio/Neurophotonics
/Submitted files/panel4-eps-converted-to.pdf>]
Package epstopdf Info: Source file: <panel5.eps>
(epstopdf)                    date: 2015-03-25 13:43:24
(epstopdf)                    size: 1440449 bytes
(epstopdf)             Output file: <panel5-eps-converted-to.pdf>
(epstopdf)                    date: 2015-03-27 11:09:02
(epstopdf)                    size: 215858 bytes
(epstopdf)             Command: <epstopdf --outfile=panel5-eps-converted-to.pdf
 panel5.eps>
(epstopdf)             \includegraphics on input line 234.
Package epstopdf Info: Output file is already uptodate.

<panel5-eps-converted-to.pdf, id=229, 1666.225pt x 462.72874pt>
File: panel5-eps-converted-to.pdf Graphic file (type pdf)

<use panel5-eps-converted-to.pdf>
Package pdftex.def Info: panel5-eps-converted-to.pdf used on input line 234.
(pdftex.def)             Requested size: 469.75499pt x 130.4528pt.

Overfull \hbox (12.0pt too wide) in paragraph at lines 233--236
 [] 
 []

[10 <C:/Users/Caroline/Documents/GitHub/Giovanni-goes-Giorgio/Neurophotonics/Su
bmitted files/panel5-eps-converted-to.pdf>]
LaTeX Font Info:    Try loading font information for OMS+ptm on input line 248.


("C:\Program Files\MiKTeX 2.9\tex\latex\psnfss\omsptm.fd"
File: omsptm.fd 
)
LaTeX Font Info:    Font shape `OMS/ptm/m/n' in size <12> not available
(Font)              Font shape `OMS/cmsy/m/n' tried instead on input line 248.
Package epstopdf Info: Source file: <panel6a.eps>
(epstopdf)                    date: 2015-04-29 15:07:49
(epstopdf)                    size: 5602700 bytes
(epstopdf)             Output file: <panel6a-eps-converted-to.pdf>
(epstopdf)                    date: 2015-04-29 15:12:45
(epstopdf)                    size: 197311 bytes
(epstopdf)             Command: <epstopdf --outfile=panel6a-eps-converted-to.pd
f panel6a.eps>
(epstopdf)             \includegraphics on input line 280.
Package epstopdf Info: Output file is already uptodate.

<panel6a-eps-converted-to.pdf, id=244, 1261.71375pt x 584.1825pt>
File: panel6a-eps-converted-to.pdf Graphic file (type pdf)

<use panel6a-eps-converted-to.pdf>
Package pdftex.def Info: panel6a-eps-converted-to.pdf used on input line 280.
(pdftex.def)             Requested size: 469.75499pt x 217.49904pt.

Overfull \hbox (12.0pt too wide) in paragraph at lines 279--282
 [] 
 []

[11] [12 <C:/Users/Caroline/Documents/GitHub/Giovanni-goes-Giorgio/Neurophotoni
cs/Submitted files/panel6a-eps-converted-to.pdf>] [13] [14]
Missing character: There is no ¬ in font ptmr7t!
Missing character: There is no ± in font ptmr7t!
Missing character: There is no ¬ in font ptmr7t!
Missing character: There is no ± in font ptmr7t!
Missing character: There is no ¬ in font ptmr7t!
Missing character: There is no ± in font ptmr7t!
Missing character: There is no ¬ in font ptmr7t!
Missing character: There is no ± in font ptmr7t!

Overfull \hbox (44.98643pt too wide) in paragraph at lines 309--330
 [][] 
 []

[15]
("C:\Users\Caroline\Documents\GitHub\Giovanni-goes-Giorgio\Neurophotonics\Submi
tted files\manuscript_submission.brf")
\tf@brf=\write5
Missing character: There is no ‚ in font ptmr7t!
Missing character: There is no Ä in font ptmr7t!
Missing character: There is no ì in font ptmr7t!
Missing character: There is no ‚ in font ptmr7t!
Missing character: There is no Ä in font ptmr7t!
Missing character: There is no ì in font ptmr7t!
Missing character: There is no ‚ in font ptmr7t!
Missing character: There is no Ä in font ptmr7t!
Missing character: There is no ì in font ptmr7t!
Missing character: There is no ‚ in font ptmr7t!
Missing character: There is no Ä in font ptmr7t!
Missing character: There is no ì in font ptmr7t!
Missing character: There is no ‚ in font ptmr7t!
Missing character: There is no Ä in font ptmr7t!
Missing character: There is no ì in font ptmr7t!
Missing character: There is no ‚ in font ptmr7t!
Missing character: There is no Ä in font ptmr7t!
Missing character: There is no ì in font ptmr7t!
Missing character: There is no ‚ in font ptmr7t!
Missing character: There is no Ä in font ptmr7t!
Missing character: There is no ì in font ptmr7t!
Missing character: There is no ‚ in font ptmr7t!
Missing character: There is no Ä in font ptmr7t!
Missing character: There is no ì in font ptmr7t!
 [16


]
Missing character: There is no ‚ in font ptmr7t!
Missing character: There is no Ä in font ptmr7t!
Missing character: There is no ì in font ptmr7t!
Missing character: There is no ‚ in font ptmr7t!
Missing character: There is no Ä in font ptmr7t!
Missing character: There is no ì in font ptmr7t!
Missing character: There is no ‚ in font ptmr7t!
Missing character: There is no Ä in font ptmr7t!
Missing character: There is no ì in font ptmr7t!
Missing character: There is no ‚ in font ptmr7t!
Missing character: There is no Ä in font ptmr7t!
Missing character: There is no ì in font ptmr7t!
Missing character: There is no ‚ in font ptmr7t!
Missing character: There is no Ä in font ptmr7t!
Missing character: There is no ê in font ptmr7t!
Missing character: There is no ‚ in font ptmr7t!
Missing character: There is no Ä in font ptmr7t!
Missing character: There is no ì in font ptmr7t!
Missing character: There is no ‚ in font ptmr7t!
Missing character: There is no Ä in font ptmr7t!
Missing character: There is no ì in font ptmr7t!
Missing character: There is no ‚ in font ptmr7t!
Missing character: There is no Ä in font ptmr7t!
Missing character: There is no ì in font ptmr7t!
Missing character: There is no ‚ in font ptmr7t!
Missing character: There is no Ä in font ptmr7t!
Missing character: There is no ì in font ptmr7t!
Missing character: There is no ‚ in font ptmr7t!
Missing character: There is no Ä in font ptmr7t!
Missing character: There is no ì in font ptmr7t!
 [17] [18]
Package epstopdf Info: Source file: <SOI1.eps>
(epstopdf)                    date: 2015-03-25 13:43:15
(epstopdf)                    size: 6404292 bytes
(epstopdf)             Output file: <SOI1-eps-converted-to.pdf>
(epstopdf)                    date: 2015-03-27 11:09:20
(epstopdf)                    size: 271887 bytes
(epstopdf)             Command: <epstopdf --outfile=SOI1-eps-converted-to.pdf S
OI1.eps>
(epstopdf)             \includegraphics on input line 430.
Package epstopdf Info: Output file is already uptodate.

<SOI1-eps-converted-to.pdf, id=353, 1541.76pt x 573.14125pt>
File: SOI1-eps-converted-to.pdf Graphic file (type pdf)

<use SOI1-eps-converted-to.pdf>
Package pdftex.def Info: SOI1-eps-converted-to.pdf used on input line 430.
(pdftex.def)             Requested size: 469.75499pt x 174.62854pt.

Overfull \hbox (12.0pt too wide) in paragraph at lines 429--432
 [] 
 []

Package epstopdf Info: Source file: <SOI2.eps>
(epstopdf)                    date: 2015-03-25 13:43:13
(epstopdf)                    size: 946040 bytes
(epstopdf)             Output file: <SOI2-eps-converted-to.pdf>
(epstopdf)                    date: 2015-03-27 11:09:25
(epstopdf)                    size: 321785 bytes
(epstopdf)             Command: <epstopdf --outfile=SOI2-eps-converted-to.pdf S
OI2.eps>
(epstopdf)             \includegraphics on input line 443.
Package epstopdf Info: Output file is already uptodate.
<SOI2-eps-converted-to.pdf, id=358, 1755.55875pt x 576.1525pt>
File: SOI2-eps-converted-to.pdf Graphic file (type pdf)

<use SOI2-eps-converted-to.pdf>
Package pdftex.def Info: SOI2-eps-converted-to.pdf used on input line 443.
(pdftex.def)             Requested size: 469.75499pt x 154.16542pt.

Overfull \hbox (12.0pt too wide) in paragraph at lines 442--445
 [] 
 []

[19 <C:/Users/Caroline/Documents/GitHub/Giovanni-goes-Giorgio/Neurophotonics/Su
bmitted files/SOI1-eps-converted-to.pdf>] [20 <C:/Users/Caroline/Documents/GitH
ub/Giovanni-goes-Giorgio/Neurophotonics/Submitted files/SOI2-eps-converted-to.p
df>]
Package epstopdf Info: Source file: <SOI3.eps>
(epstopdf)                    date: 2015-03-25 13:42:50
(epstopdf)                    size: 290510 bytes
(epstopdf)             Output file: <SOI3-eps-converted-to.pdf>
(epstopdf)                    date: 2015-03-27 11:09:27
(epstopdf)                    size: 39144 bytes
(epstopdf)             Command: <epstopdf --outfile=SOI3-eps-converted-to.pdf S
OI3.eps>
(epstopdf)             \includegraphics on input line 466.
Package epstopdf Info: Output file is already uptodate.
 <SOI3-eps-converted-to.pdf, id=383, 890.32625pt x 378.41376pt>
File: SOI3-eps-converted-to.pdf Graphic file (type pdf)

<use SOI3-eps-converted-to.pdf>
Package pdftex.def Info: SOI3-eps-converted-to.pdf used on input line 466.
(pdftex.def)             Requested size: 469.75499pt x 199.65756pt.

Overfull \hbox (12.0pt too wide) in paragraph at lines 465--468
 [] 
 []

[21]
Package atveryend Info: Empty hook `BeforeClearDocument' on input line 513.
 [22 <C:/Users/Caroline/Documents/GitHub/Giovanni-goes-Giorgio/Neurophotonics/S
ubmitted files/SOI3-eps-converted-to.pdf>] [23]
Package atveryend Info: Empty hook `AfterLastShipout' on input line 513.

("C:\Users\Caroline\Documents\GitHub\Giovanni-goes-Giorgio\Neurophotonics\Submi
tted files\manuscript_submission.aux")
Package atveryend Info: Executing hook `AtVeryEndDocument' on input line 513.
Package atveryend Info: Executing hook `AtEndAfterFileList' on input line 513.
Package rerunfilecheck Info: File `manuscript_submission.out' has not changed.
(rerunfilecheck)             Checksum: 859DCF52F7221BD85DCADFEF608B2220;1561.
Package rerunfilecheck Info: File `manuscript_submission.brf' has not changed.
(rerunfilecheck)             Checksum: 7CC391B6EC145C674D56A507F56EF07A;1514.
Package atveryend Info: Empty hook `AtVeryVeryEnd' on input line 513.
 ) 
Here is how much of TeX's memory you used:
 9038 strings out of 493921
 136252 string characters out of 3147274
 225513 words of memory out of 3000000
 12024 multiletter control sequences out of 15000+200000
 30697 words of font info for 75 fonts, out of 3000000 for 9000
 841 hyphenation exceptions out of 8191
 44i,17n,43p,1902b,442s stack positions out of 5000i,500n,10000p,200000b,50000s
{C:/Program Files/MiKTeX 2.9/fonts/enc/dvips/fontname/8r.enc}<C:/Program File
s/MiKTeX 2.9/fonts/type1/public/amsfonts/cm/cmmi12.pfb><C:/Program Files/MiKTeX
 2.9/fonts/type1/public/amsfonts/cm/cmmi8.pfb><C:/Program Files/MiKTeX 2.9/font
s/type1/public/amsfonts/cm/cmr12.pfb><C:/Program Files/MiKTeX 2.9/fonts/type1/p
ublic/amsfonts/cm/cmr6.pfb><C:/Program Files/MiKTeX 2.9/fonts/type1/public/amsf
onts/cm/cmr8.pfb><C:/Program Files/MiKTeX 2.9/fonts/type1/public/amsfonts/cm/cm
sy10.pfb><C:/Program Files/MiKTeX 2.9/fonts/type1/public/amsfonts/cm/cmsy8.pfb>
<C:/Program Files/MiKTeX 2.9/fonts/type1/public/amsfonts/euler/eurm10.pfb><C:/P
rogram Files/MiKTeX 2.9/fonts/type1/urw/times/utmb8a.pfb><C:/Program Files/MiKT
eX 2.9/fonts/type1/urw/times/utmr8a.pfb><C:/Program Files/MiKTeX 2.9/fonts/type
1/urw/times/utmri8a.pfb>
Output written on manuscript_submission.pdf (23 pages, 2533412 bytes).
PDF statistics:
 462 PDF objects out of 1000 (max. 8388607)
 95 named destinations out of 1000 (max. 500000)
 222 words of extra memory for PDF output out of 10000 (max. 10000000)

