\BOOKMARK [1][-]{section.1}{1 Introduction}{}% 1
\BOOKMARK [1][-]{section.2}{2 Optical path}{}% 2
\BOOKMARK [2][-]{subsection.2.1}{2.1 Laser unit}{section.2}% 3
\BOOKMARK [2][-]{subsection.2.2}{2.2 Illumination unit}{section.2}% 4
\BOOKMARK [2][-]{subsection.2.3}{2.3 Detection unit}{section.2}% 5
\BOOKMARK [1][-]{section.3}{3 Sample mounting and motion}{}% 6
\BOOKMARK [1][-]{section.4}{4 Optical characterisation}{}% 7
\BOOKMARK [2][-]{subsection.4.1}{4.1 Theoretical considerations}{section.4}% 8
\BOOKMARK [2][-]{subsection.4.2}{4.2 Experimental characterisation}{section.4}% 9
\BOOKMARK [1][-]{section.5}{5 System timing}{}% 10
\BOOKMARK [1][-]{section.6}{6 Data Management}{}% 11
\BOOKMARK [2][-]{subsection.6.1}{6.1 Data handling, storage and stitching}{section.6}% 12
\BOOKMARK [1][-]{section.7}{7 Representative results}{}% 13
\BOOKMARK [1][-]{section.8}{8 Conclusion}{}% 14
\BOOKMARK [1][-]{section.9}{9 Supplementary information}{}% 15
\BOOKMARK [2][-]{subsection.9.1}{9.1 Alignment}{section.9}% 16
\BOOKMARK [2][-]{subsection.9.2}{9.2 Methods}{section.9}% 17
\BOOKMARK [3][-]{subsubsection.9.2.1}{9.2.1 Sample preparation for optical characterisation}{subsection.9.2}% 18
\BOOKMARK [3][-]{subsubsection.9.2.2}{9.2.2 Sample preparation for whole brain imaging}{subsection.9.2}% 19
\BOOKMARK [2][-]{subsection.9.3}{9.3 Software management}{section.9}% 20
\BOOKMARK [3][-]{subsubsection.9.3.1}{9.3.1 General design}{subsection.9.3}% 21
\BOOKMARK [3][-]{subsubsection.9.3.2}{9.3.2 Murmex}{subsection.9.3}% 22
\BOOKMARK [3][-]{subsubsection.9.3.3}{9.3.3 Microscope software}{subsection.9.3}% 23
\BOOKMARK [2][-]{subsection.9.4}{9.4 Formulas}{section.9}% 24
